<?xml version="1.0" encoding="UTF-8"?>
<coverage generated="1743261345670" clover="3.2.0">
  <project timestamp="1743261345670" name="All files">
    <metrics statements="382" coveredstatements="327" conditionals="86" coveredconditionals="86" methods="29" coveredmethods="29" elements="497" coveredelements="442" complexity="0" loc="382" ncloc="382" packages="1" files="4" classes="4"/>
    <file name="cliente.ts" path="/home/usuario/prct09-sockets-funko-app-alu0101539669/src/cliente.ts">
      <metrics statements="55" coveredstatements="0" conditionals="1" coveredconditionals="1" methods="1" coveredmethods="1"/>
      <line num="2" count="0" type="stmt"/>
      <line num="3" count="0" type="stmt"/>
      <line num="4" count="0" type="stmt"/>
      <line num="8" count="0" type="stmt"/>
      <line num="9" count="0" type="stmt"/>
      <line num="10" count="0" type="stmt"/>
      <line num="11" count="0" type="stmt"/>
      <line num="12" count="0" type="stmt"/>
      <line num="13" count="0" type="stmt"/>
      <line num="14" count="0" type="stmt"/>
      <line num="15" count="0" type="stmt"/>
      <line num="16" count="0" type="stmt"/>
      <line num="17" count="0" type="stmt"/>
      <line num="18" count="0" type="stmt"/>
      <line num="19" count="0" type="stmt"/>
      <line num="20" count="0" type="stmt"/>
      <line num="21" count="0" type="stmt"/>
      <line num="22" count="0" type="stmt"/>
      <line num="23" count="0" type="stmt"/>
      <line num="25" count="0" type="stmt"/>
      <line num="26" count="0" type="stmt"/>
      <line num="27" count="0" type="stmt"/>
      <line num="28" count="0" type="stmt"/>
      <line num="29" count="0" type="stmt"/>
      <line num="30" count="0" type="stmt"/>
      <line num="31" count="0" type="stmt"/>
      <line num="33" count="0" type="stmt"/>
      <line num="34" count="0" type="stmt"/>
      <line num="35" count="0" type="stmt"/>
      <line num="36" count="0" type="stmt"/>
      <line num="37" count="0" type="stmt"/>
      <line num="38" count="0" type="stmt"/>
      <line num="39" count="0" type="stmt"/>
      <line num="40" count="0" type="stmt"/>
      <line num="41" count="0" type="stmt"/>
      <line num="42" count="0" type="stmt"/>
      <line num="43" count="0" type="stmt"/>
      <line num="44" count="0" type="stmt"/>
      <line num="45" count="0" type="stmt"/>
      <line num="46" count="0" type="stmt"/>
      <line num="47" count="0" type="stmt"/>
      <line num="48" count="0" type="stmt"/>
      <line num="50" count="0" type="stmt"/>
      <line num="51" count="0" type="stmt"/>
      <line num="52" count="0" type="stmt"/>
      <line num="53" count="0" type="stmt"/>
      <line num="54" count="0" type="stmt"/>
      <line num="55" count="0" type="stmt"/>
      <line num="57" count="0" type="stmt"/>
      <line num="58" count="0" type="stmt"/>
      <line num="59" count="0" type="stmt"/>
      <line num="60" count="0" type="stmt"/>
      <line num="61" count="0" type="stmt"/>
      <line num="62" count="0" type="stmt"/>
      <line num="63" count="0" type="stmt"/>
    </file>
    <file name="funciones.ts" path="/home/usuario/prct09-sockets-funko-app-alu0101539669/src/funciones.ts">
      <metrics statements="230" coveredstatements="230" conditionals="61" coveredconditionals="61" methods="6" coveredmethods="6"/>
      <line num="1" count="1" type="stmt"/>
      <line num="2" count="1" type="stmt"/>
      <line num="3" count="1" type="stmt"/>
      <line num="4" count="1" type="stmt"/>
      <line num="11" count="1" type="cond" truecount="1" falsecount="0"/>
      <line num="12" count="3" type="stmt"/>
      <line num="13" count="3" type="stmt"/>
      <line num="14" count="3" type="stmt"/>
      <line num="16" count="3" type="cond" truecount="1" falsecount="0"/>
      <line num="17" count="6" type="stmt"/>
      <line num="18" count="6" type="stmt"/>
      <line num="20" count="6" type="stmt"/>
      <line num="21" count="3" type="stmt"/>
      <line num="23" count="3" type="stmt"/>
      <line num="24" count="3" type="stmt"/>
      <line num="41" count="1" type="cond" truecount="1" falsecount="0"/>
      <line num="43" count="8" type="stmt"/>
      <line num="44" count="8" type="stmt"/>
      <line num="46" count="8" type="cond" truecount="1" falsecount="0"/>
      <line num="48" count="1" type="stmt"/>
      <line num="49" count="1" type="stmt"/>
      <line num="52" count="8" type="stmt"/>
      <line num="53" count="8" type="stmt"/>
      <line num="55" count="8" type="cond" truecount="1" falsecount="0"/>
      <line num="56" count="13" type="stmt"/>
      <line num="57" count="13" type="stmt"/>
      <line num="59" count="13" type="cond" truecount="1" falsecount="0"/>
      <line num="60" count="1" type="stmt"/>
      <line num="61" count="1" type="stmt"/>
      <line num="62" count="1" type="stmt"/>
      <line num="63" count="8" type="stmt"/>
      <line num="66" count="8" type="cond" truecount="1" falsecount="0"/>
      <line num="67" count="7" type="stmt"/>
      <line num="68" count="7" type="stmt"/>
      <line num="70" count="7" type="cond" truecount="1" falsecount="0"/>
      <line num="71" count="35" type="cond" truecount="1" falsecount="0"/>
      <line num="72" count="6" type="stmt"/>
      <line num="73" count="6" type="stmt"/>
      <line num="74" count="7" type="stmt"/>
      <line num="76" count="7" type="cond" truecount="1" falsecount="0"/>
      <line num="77" count="1" type="stmt"/>
      <line num="78" count="1" type="stmt"/>
      <line num="79" count="1" type="cond" truecount="1" falsecount="0"/>
      <line num="81" count="6" type="stmt"/>
      <line num="82" count="6" type="stmt"/>
      <line num="84" count="6" type="cond" truecount="1" falsecount="0"/>
      <line num="85" count="36" type="cond" truecount="1" falsecount="0"/>
      <line num="86" count="5" type="stmt"/>
      <line num="87" count="5" type="stmt"/>
      <line num="88" count="6" type="stmt"/>
      <line num="90" count="7" type="cond" truecount="1" falsecount="0"/>
      <line num="91" count="1" type="stmt"/>
      <line num="92" count="1" type="stmt"/>
      <line num="93" count="1" type="cond" truecount="1" falsecount="0"/>
      <line num="95" count="5" type="stmt"/>
      <line num="96" count="5" type="stmt"/>
      <line num="97" count="5" type="stmt"/>
      <line num="98" count="5" type="cond" truecount="1" falsecount="0"/>
      <line num="99" count="6" type="stmt"/>
      <line num="100" count="6" type="stmt"/>
      <line num="108" count="1" type="cond" truecount="1" falsecount="0"/>
      <line num="110" count="3" type="stmt"/>
      <line num="111" count="3" type="stmt"/>
      <line num="112" count="3" type="cond" truecount="1" falsecount="0"/>
      <line num="113" count="1" type="stmt"/>
      <line num="114" count="1" type="stmt"/>
      <line num="115" count="1" type="cond" truecount="1" falsecount="0"/>
      <line num="116" count="2" type="stmt"/>
      <line num="119" count="2" type="stmt"/>
      <line num="120" count="2" type="stmt"/>
      <line num="122" count="2" type="cond" truecount="1" falsecount="0"/>
      <line num="123" count="9" type="stmt"/>
      <line num="124" count="9" type="stmt"/>
      <line num="126" count="9" type="cond" truecount="1" falsecount="0"/>
      <line num="127" count="1" type="stmt"/>
      <line num="128" count="1" type="stmt"/>
      <line num="129" count="1" type="stmt"/>
      <line num="130" count="2" type="stmt"/>
      <line num="133" count="3" type="cond" truecount="1" falsecount="0"/>
      <line num="134" count="1" type="stmt"/>
      <line num="135" count="1" type="stmt"/>
      <line num="136" count="1" type="stmt"/>
      <line num="138" count="1" type="stmt"/>
      <line num="140" count="1" type="stmt"/>
      <line num="141" count="1" type="stmt"/>
      <line num="142" count="1" type="stmt"/>
      <line num="143" count="1" type="stmt"/>
      <line num="145" count="3" type="stmt"/>
      <line num="162" count="1" type="cond" truecount="1" falsecount="0"/>
      <line num="164" count="5" type="stmt"/>
      <line num="165" count="5" type="stmt"/>
      <line num="166" count="5" type="cond" truecount="1" falsecount="0"/>
      <line num="167" count="1" type="stmt"/>
      <line num="168" count="1" type="stmt"/>
      <line num="169" count="1" type="cond" truecount="1" falsecount="0"/>
      <line num="170" count="4" type="stmt"/>
      <line num="173" count="4" type="stmt"/>
      <line num="174" count="4" type="stmt"/>
      <line num="175" count="4" type="cond" truecount="1" falsecount="0"/>
      <line num="176" count="4" type="stmt"/>
      <line num="177" count="4" type="stmt"/>
      <line num="178" count="4" type="cond" truecount="1" falsecount="0"/>
      <line num="180" count="3" type="stmt"/>
      <line num="181" count="3" type="stmt"/>
      <line num="182" count="3" type="stmt"/>
      <line num="183" count="4" type="stmt"/>
      <line num="185" count="5" type="cond" truecount="1" falsecount="0"/>
      <line num="186" count="1" type="stmt"/>
      <line num="187" count="1" type="stmt"/>
      <line num="188" count="1" type="cond" truecount="1" falsecount="0"/>
      <line num="189" count="3" type="stmt"/>
      <line num="190" count="3" type="stmt"/>
      <line num="191" count="3" type="stmt"/>
      <line num="192" count="3" type="cond" truecount="1" falsecount="0"/>
      <line num="193" count="15" type="cond" truecount="1" falsecount="0"/>
      <line num="194" count="2" type="stmt"/>
      <line num="195" count="2" type="stmt"/>
      <line num="196" count="3" type="stmt"/>
      <line num="197" count="3" type="cond" truecount="1" falsecount="0"/>
      <line num="198" count="1" type="stmt"/>
      <line num="199" count="1" type="stmt"/>
      <line num="200" count="1" type="cond" truecount="1" falsecount="0"/>
      <line num="202" count="2" type="stmt"/>
      <line num="203" count="2" type="stmt"/>
      <line num="204" count="2" type="cond" truecount="1" falsecount="0"/>
      <line num="205" count="12" type="cond" truecount="1" falsecount="0"/>
      <line num="206" count="1" type="stmt"/>
      <line num="207" count="1" type="stmt"/>
      <line num="208" count="2" type="stmt"/>
      <line num="209" count="3" type="cond" truecount="1" falsecount="0"/>
      <line num="210" count="1" type="stmt"/>
      <line num="211" count="1" type="stmt"/>
      <line num="212" count="1" type="stmt"/>
      <line num="214" count="1" type="stmt"/>
      <line num="216" count="1" type="stmt"/>
      <line num="217" count="1" type="stmt"/>
      <line num="218" count="1" type="stmt"/>
      <line num="219" count="1" type="stmt"/>
      <line num="220" count="1" type="stmt"/>
      <line num="222" count="5" type="stmt"/>
      <line num="229" count="1" type="cond" truecount="1" falsecount="0"/>
      <line num="231" count="3" type="stmt"/>
      <line num="232" count="3" type="stmt"/>
      <line num="233" count="3" type="cond" truecount="1" falsecount="0"/>
      <line num="234" count="1" type="stmt"/>
      <line num="235" count="1" type="stmt"/>
      <line num="236" count="1" type="cond" truecount="1" falsecount="0"/>
      <line num="237" count="2" type="stmt"/>
      <line num="238" count="3" type="cond" truecount="1" falsecount="0"/>
      <line num="239" count="1" type="stmt"/>
      <line num="240" count="1" type="stmt"/>
      <line num="241" count="1" type="stmt"/>
      <line num="242" count="1" type="stmt"/>
      <line num="243" count="1" type="cond" truecount="1" falsecount="0"/>
      <line num="244" count="5" type="stmt"/>
      <line num="245" count="5" type="stmt"/>
      <line num="246" count="5" type="stmt"/>
      <line num="247" count="5" type="stmt"/>
      <line num="248" count="5" type="stmt"/>
      <line num="249" count="5" type="stmt"/>
      <line num="250" count="5" type="stmt"/>
      <line num="251" count="5" type="stmt"/>
      <line num="252" count="5" type="stmt"/>
      <line num="253" count="5" type="stmt"/>
      <line num="254" count="5" type="cond" truecount="1" falsecount="0"/>
      <line num="255" count="1" type="stmt"/>
      <line num="256" count="1" type="cond" truecount="1" falsecount="0"/>
      <line num="257" count="4" type="cond" truecount="1" falsecount="0"/>
      <line num="258" count="1" type="stmt"/>
      <line num="259" count="1" type="cond" truecount="1" falsecount="0"/>
      <line num="260" count="3" type="cond" truecount="1" falsecount="0"/>
      <line num="261" count="2" type="stmt"/>
      <line num="262" count="2" type="cond" truecount="1" falsecount="0"/>
      <line num="263" count="1" type="stmt"/>
      <line num="264" count="1" type="stmt"/>
      <line num="265" count="1" type="stmt"/>
      <line num="266" count="5" type="stmt"/>
      <line num="267" count="1" type="stmt"/>
      <line num="268" count="1" type="stmt"/>
      <line num="270" count="1" type="stmt"/>
      <line num="278" count="1" type="cond" truecount="1" falsecount="0"/>
      <line num="279" count="7" type="stmt"/>
      <line num="281" count="7" type="stmt"/>
      <line num="282" count="7" type="stmt"/>
      <line num="283" count="7" type="cond" truecount="1" falsecount="0"/>
      <line num="284" count="1" type="stmt"/>
      <line num="285" count="1" type="stmt"/>
      <line num="286" count="1" type="cond" truecount="1" falsecount="0"/>
      <line num="288" count="6" type="stmt"/>
      <line num="289" count="6" type="stmt"/>
      <line num="290" count="6" type="cond" truecount="1" falsecount="0"/>
      <line num="291" count="30" type="stmt"/>
      <line num="292" count="30" type="stmt"/>
      <line num="293" count="30" type="cond" truecount="2" falsecount="0"/>
      <line num="295" count="5" type="stmt"/>
      <line num="296" count="5" type="stmt"/>
      <line num="297" count="5" type="stmt"/>
      <line num="298" count="5" type="stmt"/>
      <line num="299" count="5" type="stmt"/>
      <line num="300" count="5" type="stmt"/>
      <line num="301" count="5" type="stmt"/>
      <line num="302" count="5" type="stmt"/>
      <line num="303" count="5" type="stmt"/>
      <line num="304" count="5" type="stmt"/>
      <line num="305" count="5" type="stmt"/>
      <line num="306" count="5" type="stmt"/>
      <line num="307" count="5" type="cond" truecount="1" falsecount="0"/>
      <line num="308" count="1" type="stmt"/>
      <line num="309" count="1" type="cond" truecount="1" falsecount="0"/>
      <line num="310" count="4" type="cond" truecount="1" falsecount="0"/>
      <line num="311" count="1" type="stmt"/>
      <line num="312" count="1" type="cond" truecount="1" falsecount="0"/>
      <line num="313" count="3" type="cond" truecount="1" falsecount="0"/>
      <line num="314" count="2" type="stmt"/>
      <line num="315" count="2" type="cond" truecount="1" falsecount="0"/>
      <line num="316" count="1" type="stmt"/>
      <line num="317" count="1" type="stmt"/>
      <line num="318" count="1" type="stmt"/>
      <line num="319" count="5" type="stmt"/>
      <line num="321" count="5" type="stmt"/>
      <line num="322" count="30" type="stmt"/>
      <line num="323" count="6" type="stmt"/>
      <line num="324" count="7" type="cond" truecount="1" falsecount="0"/>
      <line num="325" count="1" type="stmt"/>
      <line num="326" count="1" type="stmt"/>
      <line num="327" count="1" type="cond" truecount="1" falsecount="0"/>
      <line num="328" count="5" type="stmt"/>
      <line num="329" count="5" type="stmt"/>
      <line num="330" count="5" type="stmt"/>
      <line num="331" count="7" type="stmt"/>
    </file>
    <file name="funko.ts" path="/home/usuario/prct09-sockets-funko-app-alu0101539669/src/funko.ts">
      <metrics statements="84" coveredstatements="84" conditionals="22" coveredconditionals="22" methods="22" coveredmethods="22"/>
      <line num="17" count="1" type="stmt"/>
      <line num="19" count="1" type="cond" truecount="1" falsecount="0"/>
      <line num="20" count="18" type="stmt"/>
      <line num="21" count="18" type="stmt"/>
      <line num="22" count="18" type="stmt"/>
      <line num="23" count="18" type="stmt"/>
      <line num="24" count="18" type="stmt"/>
      <line num="25" count="18" type="stmt"/>
      <line num="26" count="18" type="stmt"/>
      <line num="27" count="18" type="stmt"/>
      <line num="28" count="18" type="stmt"/>
      <line num="43" count="1" type="cond" truecount="1" falsecount="0"/>
      <line num="44" count="18" type="stmt"/>
      <line num="45" count="18" type="stmt"/>
      <line num="46" count="18" type="stmt"/>
      <line num="47" count="18" type="stmt"/>
      <line num="48" count="18" type="stmt"/>
      <line num="49" count="18" type="stmt"/>
      <line num="50" count="18" type="stmt"/>
      <line num="51" count="18" type="stmt"/>
      <line num="52" count="18" type="stmt"/>
      <line num="53" count="18" type="stmt"/>
      <line num="54" count="18" type="stmt"/>
      <line num="59" count="1" type="cond" truecount="1" falsecount="0"/>
      <line num="60" count="12" type="stmt"/>
      <line num="61" count="12" type="stmt"/>
      <line num="66" count="1" type="cond" truecount="1" falsecount="0"/>
      <line num="67" count="1" type="stmt"/>
      <line num="68" count="1" type="stmt"/>
      <line num="73" count="1" type="cond" truecount="1" falsecount="0"/>
      <line num="74" count="12" type="stmt"/>
      <line num="75" count="12" type="stmt"/>
      <line num="80" count="1" type="cond" truecount="1" falsecount="0"/>
      <line num="81" count="1" type="stmt"/>
      <line num="82" count="1" type="stmt"/>
      <line num="87" count="1" type="cond" truecount="1" falsecount="0"/>
      <line num="88" count="12" type="stmt"/>
      <line num="89" count="12" type="stmt"/>
      <line num="94" count="1" type="cond" truecount="1" falsecount="0"/>
      <line num="95" count="1" type="stmt"/>
      <line num="96" count="1" type="stmt"/>
      <line num="101" count="1" type="cond" truecount="1" falsecount="0"/>
      <line num="102" count="12" type="stmt"/>
      <line num="103" count="12" type="stmt"/>
      <line num="108" count="1" type="cond" truecount="1" falsecount="0"/>
      <line num="109" count="1" type="stmt"/>
      <line num="110" count="1" type="stmt"/>
      <line num="115" count="1" type="cond" truecount="1" falsecount="0"/>
      <line num="116" count="12" type="stmt"/>
      <line num="117" count="12" type="stmt"/>
      <line num="122" count="1" type="cond" truecount="1" falsecount="0"/>
      <line num="123" count="1" type="stmt"/>
      <line num="124" count="1" type="stmt"/>
      <line num="129" count="1" type="cond" truecount="1" falsecount="0"/>
      <line num="130" count="12" type="stmt"/>
      <line num="131" count="12" type="stmt"/>
      <line num="136" count="1" type="cond" truecount="1" falsecount="0"/>
      <line num="137" count="1" type="stmt"/>
      <line num="138" count="1" type="stmt"/>
      <line num="143" count="1" type="cond" truecount="1" falsecount="0"/>
      <line num="144" count="12" type="stmt"/>
      <line num="145" count="12" type="stmt"/>
      <line num="150" count="1" type="cond" truecount="1" falsecount="0"/>
      <line num="151" count="1" type="stmt"/>
      <line num="152" count="1" type="stmt"/>
      <line num="157" count="1" type="cond" truecount="1" falsecount="0"/>
      <line num="158" count="12" type="stmt"/>
      <line num="159" count="12" type="stmt"/>
      <line num="164" count="1" type="cond" truecount="1" falsecount="0"/>
      <line num="165" count="1" type="stmt"/>
      <line num="166" count="1" type="stmt"/>
      <line num="171" count="1" type="cond" truecount="1" falsecount="0"/>
      <line num="172" count="12" type="stmt"/>
      <line num="173" count="12" type="stmt"/>
      <line num="178" count="1" type="cond" truecount="1" falsecount="0"/>
      <line num="179" count="1" type="stmt"/>
      <line num="180" count="1" type="stmt"/>
      <line num="185" count="1" type="cond" truecount="1" falsecount="0"/>
      <line num="186" count="50" type="stmt"/>
      <line num="187" count="50" type="stmt"/>
      <line num="192" count="1" type="cond" truecount="1" falsecount="0"/>
      <line num="193" count="1" type="stmt"/>
      <line num="194" count="1" type="stmt"/>
      <line num="196" count="1" type="stmt"/>
    </file>
    <file name="type.ts" path="/home/usuario/prct09-sockets-funko-app-alu0101539669/src/type.ts">
      <metrics statements="13" coveredstatements="13" conditionals="2" coveredconditionals="2" methods="0" coveredmethods="0"/>
      <line num="4" count="1" type="cond" truecount="1" falsecount="0"/>
      <line num="5" count="1" type="stmt"/>
      <line num="6" count="1" type="stmt"/>
      <line num="7" count="1" type="stmt"/>
      <line num="8" count="1" type="stmt"/>
      <line num="9" count="1" type="stmt"/>
      <line num="15" count="1" type="cond" truecount="1" falsecount="0"/>
      <line num="16" count="1" type="stmt"/>
      <line num="17" count="1" type="stmt"/>
      <line num="18" count="1" type="stmt"/>
      <line num="19" count="1" type="stmt"/>
      <line num="20" count="1" type="stmt"/>
      <line num="21" count="1" type="stmt"/>
    </file>
  </project>
</coverage>
