{"/home/usuario/prct09-sockets-funko-app-alu0101539669/src/cliente.ts": {"path":"/home/usuario/prct09-sockets-funko-app-alu0101539669/src/cliente.ts","all":true,"statementMap":{"1":{"start":{"line":2,"column":0},"end":{"line":2,"column":26}},"2":{"start":{"line":3,"column":0},"end":{"line":3,"column":40}},"3":{"start":{"line":4,"column":0},"end":{"line":4,"column":100}},"7":{"start":{"line":8,"column":0},"end":{"line":8,"column":61}},"8":{"start":{"line":9,"column":0},"end":{"line":9,"column":47}},"9":{"start":{"line":10,"column":0},"end":{"line":10,"column":45}},"10":{"start":{"line":11,"column":0},"end":{"line":11,"column":49}},"11":{"start":{"line":12,"column":0},"end":{"line":12,"column":54}},"12":{"start":{"line":13,"column":0},"end":{"line":13,"column":47}},"13":{"start":{"line":14,"column":0},"end":{"line":14,"column":49}},"14":{"start":{"line":15,"column":0},"end":{"line":15,"column":53}},"15":{"start":{"line":16,"column":0},"end":{"line":16,"column":49}},"16":{"start":{"line":17,"column":0},"end":{"line":17,"column":53}},"17":{"start":{"line":18,"column":0},"end":{"line":18,"column":68}},"18":{"start":{"line":19,"column":0},"end":{"line":19,"column":54}},"19":{"start":{"line":20,"column":0},"end":{"line":20,"column":14}},"20":{"start":{"line":21,"column":0},"end":{"line":21,"column":201}},"21":{"start":{"line":22,"column":0},"end":{"line":22,"column":1}},"22":{"start":{"line":23,"column":0},"end":{"line":23,"column":14}},"24":{"start":{"line":25,"column":0},"end":{"line":25,"column":67}},"25":{"start":{"line":26,"column":0},"end":{"line":26,"column":47}},"26":{"start":{"line":27,"column":0},"end":{"line":27,"column":44}},"27":{"start":{"line":28,"column":0},"end":{"line":28,"column":14}},"28":{"start":{"line":29,"column":0},"end":{"line":29,"column":36}},"29":{"start":{"line":30,"column":0},"end":{"line":30,"column":1}},"30":{"start":{"line":31,"column":0},"end":{"line":31,"column":14}},"32":{"start":{"line":33,"column":0},"end":{"line":33,"column":68}},"33":{"start":{"line":34,"column":0},"end":{"line":34,"column":47}},"34":{"start":{"line":35,"column":0},"end":{"line":35,"column":45}},"35":{"start":{"line":36,"column":0},"end":{"line":36,"column":49}},"36":{"start":{"line":37,"column":0},"end":{"line":37,"column":54}},"37":{"start":{"line":38,"column":0},"end":{"line":38,"column":47}},"38":{"start":{"line":39,"column":0},"end":{"line":39,"column":49}},"39":{"start":{"line":40,"column":0},"end":{"line":40,"column":53}},"40":{"start":{"line":41,"column":0},"end":{"line":41,"column":49}},"41":{"start":{"line":42,"column":0},"end":{"line":42,"column":53}},"42":{"start":{"line":43,"column":0},"end":{"line":43,"column":68}},"43":{"start":{"line":44,"column":0},"end":{"line":44,"column":54}},"44":{"start":{"line":45,"column":0},"end":{"line":45,"column":14}},"45":{"start":{"line":46,"column":0},"end":{"line":46,"column":207}},"46":{"start":{"line":47,"column":0},"end":{"line":47,"column":1}},"47":{"start":{"line":48,"column":0},"end":{"line":48,"column":14}},"49":{"start":{"line":50,"column":0},"end":{"line":50,"column":63}},"50":{"start":{"line":51,"column":0},"end":{"line":51,"column":46}},"51":{"start":{"line":52,"column":0},"end":{"line":52,"column":14}},"52":{"start":{"line":53,"column":0},"end":{"line":53,"column":25}},"53":{"start":{"line":54,"column":0},"end":{"line":54,"column":1}},"54":{"start":{"line":55,"column":0},"end":{"line":55,"column":14}},"56":{"start":{"line":57,"column":0},"end":{"line":57,"column":63}},"57":{"start":{"line":58,"column":0},"end":{"line":58,"column":47}},"58":{"start":{"line":59,"column":0},"end":{"line":59,"column":44}},"59":{"start":{"line":60,"column":0},"end":{"line":60,"column":14}},"60":{"start":{"line":61,"column":0},"end":{"line":61,"column":35}},"61":{"start":{"line":62,"column":0},"end":{"line":62,"column":1}},"62":{"start":{"line":63,"column":0},"end":{"line":63,"column":14}}},"s":{"1":0,"2":0,"3":0,"7":0,"8":0,"9":0,"10":0,"11":0,"12":0,"13":0,"14":0,"15":0,"16":0,"17":0,"18":0,"19":0,"20":0,"21":0,"22":0,"24":0,"25":0,"26":0,"27":0,"28":0,"29":0,"30":0,"32":0,"33":0,"34":0,"35":0,"36":0,"37":0,"38":0,"39":0,"40":0,"41":0,"42":0,"43":0,"44":0,"45":0,"46":0,"47":0,"49":0,"50":0,"51":0,"52":0,"53":0,"54":0,"56":0,"57":0,"58":0,"59":0,"60":0,"61":0,"62":0},"branchMap":{"0":{"type":"branch","line":1,"loc":{"start":{"line":1,"column":37},"end":{"line":63,"column":-374}},"locations":[{"start":{"line":1,"column":37},"end":{"line":63,"column":-374}}]}},"b":{"0":[1]},"fnMap":{"0":{"name":"(empty-report)","decl":{"start":{"line":1,"column":37},"end":{"line":63,"column":-374}},"loc":{"start":{"line":1,"column":37},"end":{"line":63,"column":-374}},"line":1}},"f":{"0":1}}
,"/home/usuario/prct09-sockets-funko-app-alu0101539669/src/funciones.ts": {"path":"/home/usuario/prct09-sockets-funko-app-alu0101539669/src/funciones.ts","all":false,"statementMap":{"0":{"start":{"line":1,"column":0},"end":{"line":1,"column":35}},"1":{"start":{"line":2,"column":0},"end":{"line":2,"column":142}},"2":{"start":{"line":3,"column":0},"end":{"line":3,"column":62}},"3":{"start":{"line":4,"column":0},"end":{"line":4,"column":80}},"10":{"start":{"line":11,"column":0},"end":{"line":11,"column":54}},"11":{"start":{"line":12,"column":0},"end":{"line":12,"column":57}},"12":{"start":{"line":13,"column":0},"end":{"line":13,"column":112}},"13":{"start":{"line":14,"column":0},"end":{"line":14,"column":66}},"15":{"start":{"line":16,"column":0},"end":{"line":16,"column":56}},"16":{"start":{"line":17,"column":0},"end":{"line":17,"column":122}},"17":{"start":{"line":18,"column":0},"end":{"line":18,"column":75}},"19":{"start":{"line":20,"column":0},"end":{"line":20,"column":194}},"20":{"start":{"line":21,"column":0},"end":{"line":21,"column":5}},"22":{"start":{"line":23,"column":0},"end":{"line":23,"column":22}},"23":{"start":{"line":24,"column":0},"end":{"line":24,"column":1}},"40":{"start":{"line":41,"column":0},"end":{"line":41,"column":240}},"42":{"start":{"line":43,"column":0},"end":{"line":43,"column":33}},"43":{"start":{"line":44,"column":0},"end":{"line":44,"column":81}},"45":{"start":{"line":46,"column":0},"end":{"line":46,"column":35}},"47":{"start":{"line":48,"column":0},"end":{"line":48,"column":78}},"48":{"start":{"line":49,"column":0},"end":{"line":49,"column":3}},"51":{"start":{"line":52,"column":0},"end":{"line":52,"column":112}},"52":{"start":{"line":53,"column":0},"end":{"line":53,"column":69}},"54":{"start":{"line":55,"column":0},"end":{"line":55,"column":32}},"55":{"start":{"line":56,"column":0},"end":{"line":56,"column":88}},"56":{"start":{"line":57,"column":0},"end":{"line":57,"column":40}},"58":{"start":{"line":59,"column":0},"end":{"line":59,"column":25}},"59":{"start":{"line":60,"column":0},"end":{"line":60,"column":24}},"60":{"start":{"line":61,"column":0},"end":{"line":61,"column":81}},"61":{"start":{"line":62,"column":0},"end":{"line":62,"column":5}},"62":{"start":{"line":63,"column":0},"end":{"line":63,"column":5}},"65":{"start":{"line":66,"column":0},"end":{"line":66,"column":25}},"66":{"start":{"line":67,"column":0},"end":{"line":67,"column":63}},"67":{"start":{"line":68,"column":0},"end":{"line":68,"column":73}},"69":{"start":{"line":70,"column":0},"end":{"line":70,"column":40}},"70":{"start":{"line":71,"column":0},"end":{"line":71,"column":30}},"71":{"start":{"line":72,"column":0},"end":{"line":72,"column":28}},"72":{"start":{"line":73,"column":0},"end":{"line":73,"column":7}},"73":{"start":{"line":74,"column":0},"end":{"line":74,"column":7}},"75":{"start":{"line":76,"column":0},"end":{"line":76,"column":33}},"76":{"start":{"line":77,"column":0},"end":{"line":77,"column":60}},"77":{"start":{"line":78,"column":0},"end":{"line":78,"column":19}},"78":{"start":{"line":79,"column":0},"end":{"line":79,"column":5}},"80":{"start":{"line":81,"column":0},"end":{"line":81,"column":69}},"81":{"start":{"line":82,"column":0},"end":{"line":82,"column":77}},"83":{"start":{"line":84,"column":0},"end":{"line":84,"column":44}},"84":{"start":{"line":85,"column":0},"end":{"line":85,"column":34}},"85":{"start":{"line":86,"column":0},"end":{"line":86,"column":30}},"86":{"start":{"line":87,"column":0},"end":{"line":87,"column":7}},"87":{"start":{"line":88,"column":0},"end":{"line":88,"column":7}},"89":{"start":{"line":90,"column":0},"end":{"line":90,"column":35}},"90":{"start":{"line":91,"column":0},"end":{"line":91,"column":64}},"91":{"start":{"line":92,"column":0},"end":{"line":92,"column":19}},"92":{"start":{"line":93,"column":0},"end":{"line":93,"column":5}},"94":{"start":{"line":95,"column":0},"end":{"line":95,"column":143}},"95":{"start":{"line":96,"column":0},"end":{"line":96,"column":217}},"96":{"start":{"line":97,"column":0},"end":{"line":97,"column":91}},"97":{"start":{"line":98,"column":0},"end":{"line":98,"column":3}},"98":{"start":{"line":99,"column":0},"end":{"line":99,"column":17}},"99":{"start":{"line":100,"column":0},"end":{"line":100,"column":1}},"107":{"start":{"line":108,"column":0},"end":{"line":108,"column":69}},"109":{"start":{"line":110,"column":0},"end":{"line":110,"column":33}},"110":{"start":{"line":111,"column":0},"end":{"line":111,"column":46}},"111":{"start":{"line":112,"column":0},"end":{"line":112,"column":35}},"112":{"start":{"line":113,"column":0},"end":{"line":113,"column":61}},"113":{"start":{"line":114,"column":0},"end":{"line":114,"column":17}},"114":{"start":{"line":115,"column":0},"end":{"line":115,"column":3}},"115":{"start":{"line":116,"column":0},"end":{"line":116,"column":65}},"118":{"start":{"line":119,"column":0},"end":{"line":119,"column":22}},"119":{"start":{"line":120,"column":0},"end":{"line":120,"column":21}},"121":{"start":{"line":122,"column":0},"end":{"line":122,"column":31}},"122":{"start":{"line":123,"column":0},"end":{"line":123,"column":88}},"123":{"start":{"line":124,"column":0},"end":{"line":124,"column":115}},"125":{"start":{"line":126,"column":0},"end":{"line":126,"column":27}},"126":{"start":{"line":127,"column":0},"end":{"line":127,"column":21}},"127":{"start":{"line":128,"column":0},"end":{"line":128,"column":31}},"128":{"start":{"line":129,"column":0},"end":{"line":129,"column":5}},"129":{"start":{"line":130,"column":0},"end":{"line":130,"column":5}},"132":{"start":{"line":133,"column":0},"end":{"line":133,"column":26}},"133":{"start":{"line":134,"column":0},"end":{"line":134,"column":72}},"134":{"start":{"line":135,"column":0},"end":{"line":135,"column":17}},"135":{"start":{"line":136,"column":0},"end":{"line":136,"column":3}},"137":{"start":{"line":138,"column":0},"end":{"line":138,"column":8}},"139":{"start":{"line":140,"column":0},"end":{"line":140,"column":69}},"140":{"start":{"line":141,"column":0},"end":{"line":141,"column":74}},"141":{"start":{"line":142,"column":0},"end":{"line":142,"column":16}},"142":{"start":{"line":143,"column":0},"end":{"line":143,"column":3}},"144":{"start":{"line":145,"column":0},"end":{"line":145,"column":1}},"161":{"start":{"line":162,"column":0},"end":{"line":162,"column":246}},"163":{"start":{"line":164,"column":0},"end":{"line":164,"column":33}},"164":{"start":{"line":165,"column":0},"end":{"line":165,"column":46}},"165":{"start":{"line":166,"column":0},"end":{"line":166,"column":35}},"166":{"start":{"line":167,"column":0},"end":{"line":167,"column":61}},"167":{"start":{"line":168,"column":0},"end":{"line":168,"column":17}},"168":{"start":{"line":169,"column":0},"end":{"line":169,"column":3}},"169":{"start":{"line":170,"column":0},"end":{"line":170,"column":64}},"172":{"start":{"line":173,"column":0},"end":{"line":173,"column":22}},"173":{"start":{"line":174,"column":0},"end":{"line":174,"column":21}},"174":{"start":{"line":175,"column":0},"end":{"line":175,"column":31}},"175":{"start":{"line":176,"column":0},"end":{"line":176,"column":88}},"176":{"start":{"line":177,"column":0},"end":{"line":177,"column":39}},"177":{"start":{"line":178,"column":0},"end":{"line":178,"column":24}},"179":{"start":{"line":180,"column":0},"end":{"line":180,"column":21}},"180":{"start":{"line":181,"column":0},"end":{"line":181,"column":31}},"181":{"start":{"line":182,"column":0},"end":{"line":182,"column":5}},"182":{"start":{"line":183,"column":0},"end":{"line":183,"column":5}},"184":{"start":{"line":185,"column":0},"end":{"line":185,"column":26}},"185":{"start":{"line":186,"column":0},"end":{"line":186,"column":72}},"186":{"start":{"line":187,"column":0},"end":{"line":187,"column":17}},"187":{"start":{"line":188,"column":0},"end":{"line":188,"column":3}},"188":{"start":{"line":189,"column":0},"end":{"line":189,"column":8}},"189":{"start":{"line":190,"column":0},"end":{"line":190,"column":44}},"190":{"start":{"line":191,"column":0},"end":{"line":191,"column":29}},"191":{"start":{"line":192,"column":0},"end":{"line":192,"column":39}},"192":{"start":{"line":193,"column":0},"end":{"line":193,"column":30}},"193":{"start":{"line":194,"column":0},"end":{"line":194,"column":28}},"194":{"start":{"line":195,"column":0},"end":{"line":195,"column":7}},"195":{"start":{"line":196,"column":0},"end":{"line":196,"column":7}},"196":{"start":{"line":197,"column":0},"end":{"line":197,"column":33}},"197":{"start":{"line":198,"column":0},"end":{"line":198,"column":60}},"198":{"start":{"line":199,"column":0},"end":{"line":199,"column":19}},"199":{"start":{"line":200,"column":0},"end":{"line":200,"column":5}},"201":{"start":{"line":202,"column":0},"end":{"line":202,"column":48}},"202":{"start":{"line":203,"column":0},"end":{"line":203,"column":31}},"203":{"start":{"line":204,"column":0},"end":{"line":204,"column":43}},"204":{"start":{"line":205,"column":0},"end":{"line":205,"column":34}},"205":{"start":{"line":206,"column":0},"end":{"line":206,"column":30}},"206":{"start":{"line":207,"column":0},"end":{"line":207,"column":7}},"207":{"start":{"line":208,"column":0},"end":{"line":208,"column":7}},"208":{"start":{"line":209,"column":0},"end":{"line":209,"column":35}},"209":{"start":{"line":210,"column":0},"end":{"line":210,"column":64}},"210":{"start":{"line":211,"column":0},"end":{"line":211,"column":19}},"211":{"start":{"line":212,"column":0},"end":{"line":212,"column":5}},"213":{"start":{"line":214,"column":0},"end":{"line":214,"column":70}},"215":{"start":{"line":216,"column":0},"end":{"line":216,"column":143}},"216":{"start":{"line":217,"column":0},"end":{"line":217,"column":95}},"217":{"start":{"line":218,"column":0},"end":{"line":218,"column":73}},"218":{"start":{"line":219,"column":0},"end":{"line":219,"column":16}},"219":{"start":{"line":220,"column":0},"end":{"line":220,"column":3}},"221":{"start":{"line":222,"column":0},"end":{"line":222,"column":1}},"228":{"start":{"line":229,"column":0},"end":{"line":229,"column":55}},"230":{"start":{"line":231,"column":0},"end":{"line":231,"column":33}},"231":{"start":{"line":232,"column":0},"end":{"line":232,"column":46}},"232":{"start":{"line":233,"column":0},"end":{"line":233,"column":35}},"233":{"start":{"line":234,"column":0},"end":{"line":234,"column":61}},"234":{"start":{"line":235,"column":0},"end":{"line":235,"column":17}},"235":{"start":{"line":236,"column":0},"end":{"line":236,"column":3}},"236":{"start":{"line":237,"column":0},"end":{"line":237,"column":43}},"237":{"start":{"line":238,"column":0},"end":{"line":238,"column":34}},"238":{"start":{"line":239,"column":0},"end":{"line":239,"column":58}},"239":{"start":{"line":240,"column":0},"end":{"line":240,"column":17}},"240":{"start":{"line":241,"column":0},"end":{"line":241,"column":3}},"241":{"start":{"line":242,"column":0},"end":{"line":242,"column":63}},"242":{"start":{"line":243,"column":0},"end":{"line":243,"column":35}},"243":{"start":{"line":244,"column":0},"end":{"line":244,"column":68}},"244":{"start":{"line":245,"column":0},"end":{"line":245,"column":51}},"245":{"start":{"line":246,"column":0},"end":{"line":246,"column":59}},"246":{"start":{"line":247,"column":0},"end":{"line":247,"column":69}},"247":{"start":{"line":248,"column":0},"end":{"line":248,"column":55}},"248":{"start":{"line":249,"column":0},"end":{"line":249,"column":59}},"249":{"start":{"line":250,"column":0},"end":{"line":250,"column":67}},"250":{"start":{"line":251,"column":0},"end":{"line":251,"column":59}},"251":{"start":{"line":252,"column":0},"end":{"line":252,"column":65}},"252":{"start":{"line":253,"column":0},"end":{"line":253,"column":98}},"253":{"start":{"line":254,"column":0},"end":{"line":254,"column":38}},"254":{"start":{"line":255,"column":0},"end":{"line":255,"column":77}},"255":{"start":{"line":256,"column":0},"end":{"line":256,"column":5}},"256":{"start":{"line":257,"column":0},"end":{"line":257,"column":74}},"257":{"start":{"line":258,"column":0},"end":{"line":258,"column":78}},"258":{"start":{"line":259,"column":0},"end":{"line":259,"column":5}},"259":{"start":{"line":260,"column":0},"end":{"line":260,"column":75}},"260":{"start":{"line":261,"column":0},"end":{"line":261,"column":75}},"261":{"start":{"line":262,"column":0},"end":{"line":262,"column":9}},"262":{"start":{"line":263,"column":0},"end":{"line":263,"column":10}},"263":{"start":{"line":264,"column":0},"end":{"line":264,"column":76}},"264":{"start":{"line":265,"column":0},"end":{"line":265,"column":5}},"265":{"start":{"line":266,"column":0},"end":{"line":266,"column":18}},"266":{"start":{"line":267,"column":0},"end":{"line":267,"column":5}},"267":{"start":{"line":268,"column":0},"end":{"line":268,"column":14}},"269":{"start":{"line":270,"column":0},"end":{"line":270,"column":1}},"277":{"start":{"line":278,"column":0},"end":{"line":278,"column":68}},"278":{"start":{"line":279,"column":0},"end":{"line":279,"column":22}},"280":{"start":{"line":281,"column":0},"end":{"line":281,"column":33}},"281":{"start":{"line":282,"column":0},"end":{"line":282,"column":46}},"282":{"start":{"line":283,"column":0},"end":{"line":283,"column":35}},"283":{"start":{"line":284,"column":0},"end":{"line":284,"column":61}},"284":{"start":{"line":285,"column":0},"end":{"line":285,"column":17}},"285":{"start":{"line":286,"column":0},"end":{"line":286,"column":3}},"287":{"start":{"line":288,"column":0},"end":{"line":288,"column":64}},"288":{"start":{"line":289,"column":0},"end":{"line":289,"column":22}},"289":{"start":{"line":290,"column":0},"end":{"line":290,"column":31}},"290":{"start":{"line":291,"column":0},"end":{"line":291,"column":88}},"291":{"start":{"line":292,"column":0},"end":{"line":292,"column":39}},"292":{"start":{"line":293,"column":0},"end":{"line":293,"column":50}},"294":{"start":{"line":295,"column":0},"end":{"line":295,"column":21}},"295":{"start":{"line":296,"column":0},"end":{"line":296,"column":188}},"296":{"start":{"line":297,"column":0},"end":{"line":297,"column":70}},"297":{"start":{"line":298,"column":0},"end":{"line":298,"column":56}},"298":{"start":{"line":299,"column":0},"end":{"line":299,"column":64}},"299":{"start":{"line":300,"column":0},"end":{"line":300,"column":74}},"300":{"start":{"line":301,"column":0},"end":{"line":301,"column":60}},"301":{"start":{"line":302,"column":0},"end":{"line":302,"column":64}},"302":{"start":{"line":303,"column":0},"end":{"line":303,"column":72}},"303":{"start":{"line":304,"column":0},"end":{"line":304,"column":64}},"304":{"start":{"line":305,"column":0},"end":{"line":305,"column":70}},"305":{"start":{"line":306,"column":0},"end":{"line":306,"column":103}},"306":{"start":{"line":307,"column":0},"end":{"line":307,"column":43}},"307":{"start":{"line":308,"column":0},"end":{"line":308,"column":82}},"308":{"start":{"line":309,"column":0},"end":{"line":309,"column":7}},"309":{"start":{"line":310,"column":0},"end":{"line":310,"column":82}},"310":{"start":{"line":311,"column":0},"end":{"line":311,"column":83}},"311":{"start":{"line":312,"column":0},"end":{"line":312,"column":7}},"312":{"start":{"line":313,"column":0},"end":{"line":313,"column":83}},"313":{"start":{"line":314,"column":0},"end":{"line":314,"column":80}},"314":{"start":{"line":315,"column":0},"end":{"line":315,"column":11}},"315":{"start":{"line":316,"column":0},"end":{"line":316,"column":12}},"316":{"start":{"line":317,"column":0},"end":{"line":317,"column":81}},"317":{"start":{"line":318,"column":0},"end":{"line":318,"column":7}},"318":{"start":{"line":319,"column":0},"end":{"line":319,"column":20}},"320":{"start":{"line":321,"column":0},"end":{"line":321,"column":5}},"321":{"start":{"line":322,"column":0},"end":{"line":322,"column":3}},"322":{"start":{"line":323,"column":0},"end":{"line":323,"column":4}},"323":{"start":{"line":324,"column":0},"end":{"line":324,"column":26}},"324":{"start":{"line":325,"column":0},"end":{"line":325,"column":64}},"325":{"start":{"line":326,"column":0},"end":{"line":326,"column":17}},"326":{"start":{"line":327,"column":0},"end":{"line":327,"column":3}},"327":{"start":{"line":328,"column":0},"end":{"line":328,"column":8}},"328":{"start":{"line":329,"column":0},"end":{"line":329,"column":16}},"329":{"start":{"line":330,"column":0},"end":{"line":330,"column":3}},"330":{"start":{"line":331,"column":0},"end":{"line":331,"column":1}}},"s":{"0":1,"1":1,"2":1,"3":1,"10":1,"11":3,"12":3,"13":3,"15":3,"16":6,"17":6,"19":6,"20":3,"22":3,"23":3,"40":1,"42":8,"43":8,"45":8,"47":1,"48":1,"51":8,"52":8,"54":8,"55":13,"56":13,"58":13,"59":1,"60":1,"61":1,"62":8,"65":8,"66":7,"67":7,"69":7,"70":35,"71":6,"72":6,"73":7,"75":7,"76":1,"77":1,"78":1,"80":6,"81":6,"83":6,"84":36,"85":5,"86":5,"87":6,"89":7,"90":1,"91":1,"92":1,"94":5,"95":5,"96":5,"97":5,"98":6,"99":6,"107":1,"109":3,"110":3,"111":3,"112":1,"113":1,"114":1,"115":2,"118":2,"119":2,"121":2,"122":9,"123":9,"125":9,"126":1,"127":1,"128":1,"129":2,"132":3,"133":1,"134":1,"135":1,"137":1,"139":1,"140":1,"141":1,"142":1,"144":3,"161":1,"163":5,"164":5,"165":5,"166":1,"167":1,"168":1,"169":4,"172":4,"173":4,"174":4,"175":4,"176":4,"177":4,"179":3,"180":3,"181":3,"182":4,"184":5,"185":1,"186":1,"187":1,"188":3,"189":3,"190":3,"191":3,"192":15,"193":2,"194":2,"195":3,"196":3,"197":1,"198":1,"199":1,"201":2,"202":2,"203":2,"204":12,"205":1,"206":1,"207":2,"208":3,"209":1,"210":1,"211":1,"213":1,"215":1,"216":1,"217":1,"218":1,"219":1,"221":5,"228":1,"230":3,"231":3,"232":3,"233":1,"234":1,"235":1,"236":2,"237":3,"238":1,"239":1,"240":1,"241":1,"242":1,"243":5,"244":5,"245":5,"246":5,"247":5,"248":5,"249":5,"250":5,"251":5,"252":5,"253":5,"254":1,"255":1,"256":4,"257":1,"258":1,"259":3,"260":2,"261":2,"262":1,"263":1,"264":1,"265":5,"266":1,"267":1,"269":1,"277":1,"278":7,"280":7,"281":7,"282":7,"283":1,"284":1,"285":1,"287":6,"288":6,"289":6,"290":30,"291":30,"292":30,"294":5,"295":5,"296":5,"297":5,"298":5,"299":5,"300":5,"301":5,"302":5,"303":5,"304":5,"305":5,"306":5,"307":1,"308":1,"309":4,"310":1,"311":1,"312":3,"313":2,"314":2,"315":1,"316":1,"317":1,"318":5,"320":5,"321":30,"322":6,"323":7,"324":1,"325":1,"326":1,"327":5,"328":5,"329":5,"330":7},"branchMap":{"0":{"type":"branch","line":11,"loc":{"start":{"line":11,"column":7},"end":{"line":24,"column":1}},"locations":[{"start":{"line":11,"column":7},"end":{"line":24,"column":1}}]},"1":{"type":"branch","line":16,"loc":{"start":{"line":16,"column":20},"end":{"line":21,"column":3}},"locations":[{"start":{"line":16,"column":20},"end":{"line":21,"column":3}}]},"2":{"type":"branch","line":41,"loc":{"start":{"line":41,"column":7},"end":{"line":100,"column":1}},"locations":[{"start":{"line":41,"column":7},"end":{"line":100,"column":1}}]},"3":{"type":"branch","line":46,"loc":{"start":{"line":46,"column":34},"end":{"line":49,"column":3}},"locations":[{"start":{"line":46,"column":34},"end":{"line":49,"column":3}}]},"4":{"type":"branch","line":66,"loc":{"start":{"line":66,"column":24},"end":{"line":98,"column":3}},"locations":[{"start":{"line":66,"column":24},"end":{"line":98,"column":3}}]},"5":{"type":"branch","line":76,"loc":{"start":{"line":76,"column":32},"end":{"line":79,"column":5}},"locations":[{"start":{"line":76,"column":32},"end":{"line":79,"column":5}}]},"6":{"type":"branch","line":79,"loc":{"start":{"line":79,"column":4},"end":{"line":90,"column":34}},"locations":[{"start":{"line":79,"column":4},"end":{"line":90,"column":34}}]},"7":{"type":"branch","line":90,"loc":{"start":{"line":90,"column":34},"end":{"line":93,"column":5}},"locations":[{"start":{"line":90,"column":34},"end":{"line":93,"column":5}}]},"8":{"type":"branch","line":93,"loc":{"start":{"line":93,"column":4},"end":{"line":98,"column":3}},"locations":[{"start":{"line":93,"column":4},"end":{"line":98,"column":3}}]},"9":{"type":"branch","line":98,"loc":{"start":{"line":98,"column":2},"end":{"line":100,"column":1}},"locations":[{"start":{"line":98,"column":2},"end":{"line":100,"column":1}}]},"10":{"type":"branch","line":55,"loc":{"start":{"line":55,"column":20},"end":{"line":63,"column":3}},"locations":[{"start":{"line":55,"column":20},"end":{"line":63,"column":3}}]},"11":{"type":"branch","line":59,"loc":{"start":{"line":59,"column":24},"end":{"line":62,"column":5}},"locations":[{"start":{"line":59,"column":24},"end":{"line":62,"column":5}}]},"12":{"type":"branch","line":70,"loc":{"start":{"line":70,"column":24},"end":{"line":74,"column":5}},"locations":[{"start":{"line":70,"column":24},"end":{"line":74,"column":5}}]},"13":{"type":"branch","line":71,"loc":{"start":{"line":71,"column":29},"end":{"line":73,"column":7}},"locations":[{"start":{"line":71,"column":29},"end":{"line":73,"column":7}}]},"14":{"type":"branch","line":84,"loc":{"start":{"line":84,"column":26},"end":{"line":88,"column":5}},"locations":[{"start":{"line":84,"column":26},"end":{"line":88,"column":5}}]},"15":{"type":"branch","line":85,"loc":{"start":{"line":85,"column":33},"end":{"line":87,"column":7}},"locations":[{"start":{"line":85,"column":33},"end":{"line":87,"column":7}}]},"16":{"type":"branch","line":108,"loc":{"start":{"line":108,"column":7},"end":{"line":145,"column":1}},"locations":[{"start":{"line":108,"column":7},"end":{"line":145,"column":1}}]},"17":{"type":"branch","line":112,"loc":{"start":{"line":112,"column":34},"end":{"line":115,"column":3}},"locations":[{"start":{"line":112,"column":34},"end":{"line":115,"column":3}}]},"18":{"type":"branch","line":115,"loc":{"start":{"line":115,"column":2},"end":{"line":133,"column":25}},"locations":[{"start":{"line":115,"column":2},"end":{"line":133,"column":25}}]},"19":{"type":"branch","line":133,"loc":{"start":{"line":133,"column":25},"end":{"line":143,"column":3}},"locations":[{"start":{"line":133,"column":25},"end":{"line":143,"column":3}}]},"20":{"type":"branch","line":122,"loc":{"start":{"line":122,"column":20},"end":{"line":130,"column":3}},"locations":[{"start":{"line":122,"column":20},"end":{"line":130,"column":3}}]},"21":{"type":"branch","line":126,"loc":{"start":{"line":126,"column":25},"end":{"line":129,"column":5}},"locations":[{"start":{"line":126,"column":25},"end":{"line":129,"column":5}}]},"22":{"type":"branch","line":162,"loc":{"start":{"line":162,"column":7},"end":{"line":222,"column":1}},"locations":[{"start":{"line":162,"column":7},"end":{"line":222,"column":1}}]},"23":{"type":"branch","line":166,"loc":{"start":{"line":166,"column":34},"end":{"line":169,"column":3}},"locations":[{"start":{"line":166,"column":34},"end":{"line":169,"column":3}}]},"24":{"type":"branch","line":169,"loc":{"start":{"line":169,"column":2},"end":{"line":185,"column":25}},"locations":[{"start":{"line":169,"column":2},"end":{"line":185,"column":25}}]},"25":{"type":"branch","line":185,"loc":{"start":{"line":185,"column":25},"end":{"line":188,"column":3}},"locations":[{"start":{"line":185,"column":25},"end":{"line":188,"column":3}}]},"26":{"type":"branch","line":188,"loc":{"start":{"line":188,"column":2},"end":{"line":220,"column":3}},"locations":[{"start":{"line":188,"column":2},"end":{"line":220,"column":3}}]},"27":{"type":"branch","line":197,"loc":{"start":{"line":197,"column":32},"end":{"line":200,"column":5}},"locations":[{"start":{"line":197,"column":32},"end":{"line":200,"column":5}}]},"28":{"type":"branch","line":200,"loc":{"start":{"line":200,"column":4},"end":{"line":209,"column":34}},"locations":[{"start":{"line":200,"column":4},"end":{"line":209,"column":34}}]},"29":{"type":"branch","line":209,"loc":{"start":{"line":209,"column":34},"end":{"line":220,"column":3}},"locations":[{"start":{"line":209,"column":34},"end":{"line":220,"column":3}}]},"30":{"type":"branch","line":175,"loc":{"start":{"line":175,"column":20},"end":{"line":183,"column":3}},"locations":[{"start":{"line":175,"column":20},"end":{"line":183,"column":3}}]},"31":{"type":"branch","line":178,"loc":{"start":{"line":178,"column":23},"end":{"line":182,"column":5}},"locations":[{"start":{"line":178,"column":23},"end":{"line":182,"column":5}}]},"32":{"type":"branch","line":192,"loc":{"start":{"line":192,"column":24},"end":{"line":196,"column":5}},"locations":[{"start":{"line":192,"column":24},"end":{"line":196,"column":5}}]},"33":{"type":"branch","line":193,"loc":{"start":{"line":193,"column":29},"end":{"line":195,"column":7}},"locations":[{"start":{"line":193,"column":29},"end":{"line":195,"column":7}}]},"34":{"type":"branch","line":204,"loc":{"start":{"line":204,"column":26},"end":{"line":208,"column":5}},"locations":[{"start":{"line":204,"column":26},"end":{"line":208,"column":5}}]},"35":{"type":"branch","line":205,"loc":{"start":{"line":205,"column":33},"end":{"line":207,"column":7}},"locations":[{"start":{"line":205,"column":33},"end":{"line":207,"column":7}}]},"36":{"type":"branch","line":229,"loc":{"start":{"line":229,"column":7},"end":{"line":270,"column":1}},"locations":[{"start":{"line":229,"column":7},"end":{"line":270,"column":1}}]},"37":{"type":"branch","line":233,"loc":{"start":{"line":233,"column":34},"end":{"line":236,"column":3}},"locations":[{"start":{"line":233,"column":34},"end":{"line":236,"column":3}}]},"38":{"type":"branch","line":236,"loc":{"start":{"line":236,"column":2},"end":{"line":238,"column":33}},"locations":[{"start":{"line":236,"column":2},"end":{"line":238,"column":33}}]},"39":{"type":"branch","line":238,"loc":{"start":{"line":238,"column":33},"end":{"line":270,"column":1}},"locations":[{"start":{"line":238,"column":33},"end":{"line":270,"column":1}}]},"40":{"type":"branch","line":243,"loc":{"start":{"line":243,"column":23},"end":{"line":267,"column":3}},"locations":[{"start":{"line":243,"column":23},"end":{"line":267,"column":3}}]},"41":{"type":"branch","line":254,"loc":{"start":{"line":254,"column":37},"end":{"line":256,"column":5}},"locations":[{"start":{"line":254,"column":37},"end":{"line":256,"column":5}}]},"42":{"type":"branch","line":256,"loc":{"start":{"line":256,"column":4},"end":{"line":265,"column":5}},"locations":[{"start":{"line":256,"column":4},"end":{"line":265,"column":5}}]},"43":{"type":"branch","line":257,"loc":{"start":{"line":257,"column":73},"end":{"line":259,"column":5}},"locations":[{"start":{"line":257,"column":73},"end":{"line":259,"column":5}}]},"44":{"type":"branch","line":259,"loc":{"start":{"line":259,"column":4},"end":{"line":265,"column":5}},"locations":[{"start":{"line":259,"column":4},"end":{"line":265,"column":5}}]},"45":{"type":"branch","line":260,"loc":{"start":{"line":260,"column":74},"end":{"line":262,"column":9}},"locations":[{"start":{"line":260,"column":74},"end":{"line":262,"column":9}}]},"46":{"type":"branch","line":262,"loc":{"start":{"line":262,"column":4},"end":{"line":265,"column":5}},"locations":[{"start":{"line":262,"column":4},"end":{"line":265,"column":5}}]},"47":{"type":"branch","line":278,"loc":{"start":{"line":278,"column":7},"end":{"line":331,"column":1}},"locations":[{"start":{"line":278,"column":7},"end":{"line":331,"column":1}}]},"48":{"type":"branch","line":283,"loc":{"start":{"line":283,"column":34},"end":{"line":286,"column":3}},"locations":[{"start":{"line":283,"column":34},"end":{"line":286,"column":3}}]},"49":{"type":"branch","line":286,"loc":{"start":{"line":286,"column":2},"end":{"line":324,"column":25}},"locations":[{"start":{"line":286,"column":2},"end":{"line":324,"column":25}}]},"50":{"type":"branch","line":324,"loc":{"start":{"line":324,"column":25},"end":{"line":327,"column":3}},"locations":[{"start":{"line":324,"column":25},"end":{"line":327,"column":3}}]},"51":{"type":"branch","line":327,"loc":{"start":{"line":327,"column":2},"end":{"line":330,"column":3}},"locations":[{"start":{"line":327,"column":2},"end":{"line":330,"column":3}}]},"52":{"type":"branch","line":290,"loc":{"start":{"line":290,"column":20},"end":{"line":322,"column":3}},"locations":[{"start":{"line":290,"column":20},"end":{"line":322,"column":3}}]},"53":{"type":"branch","line":293,"loc":{"start":{"line":293,"column":21},"end":{"line":293,"column":49}},"locations":[{"start":{"line":293,"column":21},"end":{"line":293,"column":49}}]},"54":{"type":"branch","line":293,"loc":{"start":{"line":293,"column":49},"end":{"line":321,"column":5}},"locations":[{"start":{"line":293,"column":49},"end":{"line":321,"column":5}}]},"55":{"type":"branch","line":307,"loc":{"start":{"line":307,"column":42},"end":{"line":309,"column":7}},"locations":[{"start":{"line":307,"column":42},"end":{"line":309,"column":7}}]},"56":{"type":"branch","line":309,"loc":{"start":{"line":309,"column":6},"end":{"line":318,"column":7}},"locations":[{"start":{"line":309,"column":6},"end":{"line":318,"column":7}}]},"57":{"type":"branch","line":310,"loc":{"start":{"line":310,"column":81},"end":{"line":312,"column":7}},"locations":[{"start":{"line":310,"column":81},"end":{"line":312,"column":7}}]},"58":{"type":"branch","line":312,"loc":{"start":{"line":312,"column":6},"end":{"line":318,"column":7}},"locations":[{"start":{"line":312,"column":6},"end":{"line":318,"column":7}}]},"59":{"type":"branch","line":313,"loc":{"start":{"line":313,"column":82},"end":{"line":315,"column":11}},"locations":[{"start":{"line":313,"column":82},"end":{"line":315,"column":11}}]},"60":{"type":"branch","line":315,"loc":{"start":{"line":315,"column":6},"end":{"line":318,"column":7}},"locations":[{"start":{"line":315,"column":6},"end":{"line":318,"column":7}}]}},"b":{"0":[3],"1":[6],"2":[8],"3":[1],"4":[7],"5":[1],"6":[6],"7":[1],"8":[5],"9":[6],"10":[13],"11":[1],"12":[35],"13":[6],"14":[36],"15":[5],"16":[3],"17":[1],"18":[2],"19":[1],"20":[9],"21":[1],"22":[5],"23":[1],"24":[4],"25":[1],"26":[3],"27":[1],"28":[2],"29":[1],"30":[4],"31":[3],"32":[15],"33":[2],"34":[12],"35":[1],"36":[3],"37":[1],"38":[2],"39":[1],"40":[5],"41":[1],"42":[4],"43":[1],"44":[3],"45":[2],"46":[1],"47":[7],"48":[1],"49":[6],"50":[1],"51":[5],"52":[30],"53":[5],"54":[5],"55":[1],"56":[4],"57":[1],"58":[3],"59":[2],"60":[1]},"fnMap":{"0":{"name":"leerFunkos","decl":{"start":{"line":11,"column":7},"end":{"line":24,"column":1}},"loc":{"start":{"line":11,"column":7},"end":{"line":24,"column":1}},"line":11},"1":{"name":"addFunko","decl":{"start":{"line":41,"column":7},"end":{"line":100,"column":1}},"loc":{"start":{"line":41,"column":7},"end":{"line":100,"column":1}},"line":41},"2":{"name":"eliminarFunko","decl":{"start":{"line":108,"column":7},"end":{"line":145,"column":1}},"loc":{"start":{"line":108,"column":7},"end":{"line":145,"column":1}},"line":108},"3":{"name":"modificarFunko","decl":{"start":{"line":162,"column":7},"end":{"line":222,"column":1}},"loc":{"start":{"line":162,"column":7},"end":{"line":222,"column":1}},"line":162},"4":{"name":"listaFunkos","decl":{"start":{"line":229,"column":7},"end":{"line":270,"column":1}},"loc":{"start":{"line":229,"column":7},"end":{"line":270,"column":1}},"line":229},"5":{"name":"mostrarFunko","decl":{"start":{"line":278,"column":7},"end":{"line":331,"column":1}},"loc":{"start":{"line":278,"column":7},"end":{"line":331,"column":1}},"line":278}},"f":{"0":3,"1":8,"2":3,"3":5,"4":3,"5":7}}
,"/home/usuario/prct09-sockets-funko-app-alu0101539669/src/funko.ts": {"path":"/home/usuario/prct09-sockets-funko-app-alu0101539669/src/funko.ts","all":false,"statementMap":{"16":{"start":{"line":17,"column":0},"end":{"line":17,"column":20}},"18":{"start":{"line":19,"column":0},"end":{"line":19,"column":21}},"19":{"start":{"line":20,"column":0},"end":{"line":20,"column":25}},"20":{"start":{"line":21,"column":0},"end":{"line":21,"column":30}},"21":{"start":{"line":22,"column":0},"end":{"line":22,"column":21}},"22":{"start":{"line":23,"column":0},"end":{"line":23,"column":25}},"23":{"start":{"line":24,"column":0},"end":{"line":24,"column":29}},"24":{"start":{"line":25,"column":0},"end":{"line":25,"column":25}},"25":{"start":{"line":26,"column":0},"end":{"line":26,"column":29}},"26":{"start":{"line":27,"column":0},"end":{"line":27,"column":44}},"27":{"start":{"line":28,"column":0},"end":{"line":28,"column":31}},"42":{"start":{"line":43,"column":0},"end":{"line":43,"column":215}},"43":{"start":{"line":44,"column":0},"end":{"line":44,"column":26}},"44":{"start":{"line":45,"column":0},"end":{"line":45,"column":36}},"45":{"start":{"line":46,"column":0},"end":{"line":46,"column":22}},"46":{"start":{"line":47,"column":0},"end":{"line":47,"column":26}},"47":{"start":{"line":48,"column":0},"end":{"line":48,"column":34}},"48":{"start":{"line":49,"column":0},"end":{"line":49,"column":26}},"49":{"start":{"line":50,"column":0},"end":{"line":50,"column":32}},"50":{"start":{"line":51,"column":0},"end":{"line":51,"column":64}},"51":{"start":{"line":52,"column":0},"end":{"line":52,"column":38}},"52":{"start":{"line":53,"column":0},"end":{"line":53,"column":18}},"53":{"start":{"line":54,"column":0},"end":{"line":54,"column":3}},"58":{"start":{"line":59,"column":0},"end":{"line":59,"column":23}},"59":{"start":{"line":60,"column":0},"end":{"line":60,"column":19}},"60":{"start":{"line":61,"column":0},"end":{"line":61,"column":3}},"65":{"start":{"line":66,"column":0},"end":{"line":66,"column":26}},"66":{"start":{"line":67,"column":0},"end":{"line":67,"column":18}},"67":{"start":{"line":68,"column":0},"end":{"line":68,"column":3}},"72":{"start":{"line":73,"column":0},"end":{"line":73,"column":27}},"73":{"start":{"line":74,"column":0},"end":{"line":74,"column":23}},"74":{"start":{"line":75,"column":0},"end":{"line":75,"column":3}},"79":{"start":{"line":80,"column":0},"end":{"line":80,"column":34}},"80":{"start":{"line":81,"column":0},"end":{"line":81,"column":26}},"81":{"start":{"line":82,"column":0},"end":{"line":82,"column":3}},"86":{"start":{"line":87,"column":0},"end":{"line":87,"column":32}},"87":{"start":{"line":88,"column":0},"end":{"line":88,"column":28}},"88":{"start":{"line":89,"column":0},"end":{"line":89,"column":3}},"93":{"start":{"line":94,"column":0},"end":{"line":94,"column":44}},"94":{"start":{"line":95,"column":0},"end":{"line":95,"column":36}},"95":{"start":{"line":96,"column":0},"end":{"line":96,"column":3}},"100":{"start":{"line":101,"column":0},"end":{"line":101,"column":23}},"101":{"start":{"line":102,"column":0},"end":{"line":102,"column":21}},"102":{"start":{"line":103,"column":0},"end":{"line":103,"column":3}},"107":{"start":{"line":108,"column":0},"end":{"line":108,"column":28}},"108":{"start":{"line":109,"column":0},"end":{"line":109,"column":22}},"109":{"start":{"line":110,"column":0},"end":{"line":110,"column":3}},"114":{"start":{"line":115,"column":0},"end":{"line":115,"column":27}},"115":{"start":{"line":116,"column":0},"end":{"line":116,"column":23}},"116":{"start":{"line":117,"column":0},"end":{"line":117,"column":3}},"121":{"start":{"line":122,"column":0},"end":{"line":122,"column":34}},"122":{"start":{"line":123,"column":0},"end":{"line":123,"column":26}},"123":{"start":{"line":124,"column":0},"end":{"line":124,"column":3}},"128":{"start":{"line":129,"column":0},"end":{"line":129,"column":31}},"129":{"start":{"line":130,"column":0},"end":{"line":130,"column":27}},"130":{"start":{"line":131,"column":0},"end":{"line":131,"column":3}},"135":{"start":{"line":136,"column":0},"end":{"line":136,"column":42}},"136":{"start":{"line":137,"column":0},"end":{"line":137,"column":34}},"137":{"start":{"line":138,"column":0},"end":{"line":138,"column":3}},"142":{"start":{"line":143,"column":0},"end":{"line":143,"column":27}},"143":{"start":{"line":144,"column":0},"end":{"line":144,"column":23}},"144":{"start":{"line":145,"column":0},"end":{"line":145,"column":3}},"149":{"start":{"line":150,"column":0},"end":{"line":150,"column":34}},"150":{"start":{"line":151,"column":0},"end":{"line":151,"column":26}},"151":{"start":{"line":152,"column":0},"end":{"line":152,"column":3}},"156":{"start":{"line":157,"column":0},"end":{"line":157,"column":31}},"157":{"start":{"line":158,"column":0},"end":{"line":158,"column":26}},"158":{"start":{"line":159,"column":0},"end":{"line":159,"column":3}},"163":{"start":{"line":164,"column":0},"end":{"line":164,"column":41}},"164":{"start":{"line":165,"column":0},"end":{"line":165,"column":32}},"165":{"start":{"line":166,"column":0},"end":{"line":166,"column":3}},"170":{"start":{"line":171,"column":0},"end":{"line":171,"column":46}},"171":{"start":{"line":172,"column":0},"end":{"line":172,"column":42}},"172":{"start":{"line":173,"column":0},"end":{"line":173,"column":3}},"177":{"start":{"line":178,"column":0},"end":{"line":178,"column":72}},"178":{"start":{"line":179,"column":0},"end":{"line":179,"column":64}},"179":{"start":{"line":180,"column":0},"end":{"line":180,"column":3}},"184":{"start":{"line":185,"column":0},"end":{"line":185,"column":33}},"185":{"start":{"line":186,"column":0},"end":{"line":186,"column":29}},"186":{"start":{"line":187,"column":0},"end":{"line":187,"column":3}},"191":{"start":{"line":192,"column":0},"end":{"line":192,"column":46}},"192":{"start":{"line":193,"column":0},"end":{"line":193,"column":38}},"193":{"start":{"line":194,"column":0},"end":{"line":194,"column":3}},"195":{"start":{"line":196,"column":0},"end":{"line":196,"column":1}}},"s":{"16":1,"18":1,"19":18,"20":18,"21":18,"22":18,"23":18,"24":18,"25":18,"26":18,"27":18,"42":1,"43":18,"44":18,"45":18,"46":18,"47":18,"48":18,"49":18,"50":18,"51":18,"52":18,"53":18,"58":1,"59":12,"60":12,"65":1,"66":1,"67":1,"72":1,"73":12,"74":12,"79":1,"80":1,"81":1,"86":1,"87":12,"88":12,"93":1,"94":1,"95":1,"100":1,"101":12,"102":12,"107":1,"108":1,"109":1,"114":1,"115":12,"116":12,"121":1,"122":1,"123":1,"128":1,"129":12,"130":12,"135":1,"136":1,"137":1,"142":1,"143":12,"144":12,"149":1,"150":1,"151":1,"156":1,"157":12,"158":12,"163":1,"164":1,"165":1,"170":1,"171":12,"172":12,"177":1,"178":1,"179":1,"184":1,"185":50,"186":50,"191":1,"192":1,"193":1,"195":1},"branchMap":{"0":{"type":"branch","line":19,"loc":{"start":{"line":19,"column":10},"end":{"line":28,"column":31}},"locations":[{"start":{"line":19,"column":10},"end":{"line":28,"column":31}}]},"1":{"type":"branch","line":43,"loc":{"start":{"line":43,"column":2},"end":{"line":54,"column":3}},"locations":[{"start":{"line":43,"column":2},"end":{"line":54,"column":3}}]},"2":{"type":"branch","line":59,"loc":{"start":{"line":59,"column":2},"end":{"line":61,"column":3}},"locations":[{"start":{"line":59,"column":2},"end":{"line":61,"column":3}}]},"3":{"type":"branch","line":66,"loc":{"start":{"line":66,"column":2},"end":{"line":68,"column":3}},"locations":[{"start":{"line":66,"column":2},"end":{"line":68,"column":3}}]},"4":{"type":"branch","line":73,"loc":{"start":{"line":73,"column":2},"end":{"line":75,"column":3}},"locations":[{"start":{"line":73,"column":2},"end":{"line":75,"column":3}}]},"5":{"type":"branch","line":80,"loc":{"start":{"line":80,"column":2},"end":{"line":82,"column":3}},"locations":[{"start":{"line":80,"column":2},"end":{"line":82,"column":3}}]},"6":{"type":"branch","line":87,"loc":{"start":{"line":87,"column":2},"end":{"line":89,"column":3}},"locations":[{"start":{"line":87,"column":2},"end":{"line":89,"column":3}}]},"7":{"type":"branch","line":94,"loc":{"start":{"line":94,"column":2},"end":{"line":96,"column":3}},"locations":[{"start":{"line":94,"column":2},"end":{"line":96,"column":3}}]},"8":{"type":"branch","line":101,"loc":{"start":{"line":101,"column":2},"end":{"line":103,"column":3}},"locations":[{"start":{"line":101,"column":2},"end":{"line":103,"column":3}}]},"9":{"type":"branch","line":108,"loc":{"start":{"line":108,"column":2},"end":{"line":110,"column":3}},"locations":[{"start":{"line":108,"column":2},"end":{"line":110,"column":3}}]},"10":{"type":"branch","line":115,"loc":{"start":{"line":115,"column":2},"end":{"line":117,"column":3}},"locations":[{"start":{"line":115,"column":2},"end":{"line":117,"column":3}}]},"11":{"type":"branch","line":122,"loc":{"start":{"line":122,"column":2},"end":{"line":124,"column":3}},"locations":[{"start":{"line":122,"column":2},"end":{"line":124,"column":3}}]},"12":{"type":"branch","line":129,"loc":{"start":{"line":129,"column":2},"end":{"line":131,"column":3}},"locations":[{"start":{"line":129,"column":2},"end":{"line":131,"column":3}}]},"13":{"type":"branch","line":136,"loc":{"start":{"line":136,"column":2},"end":{"line":138,"column":3}},"locations":[{"start":{"line":136,"column":2},"end":{"line":138,"column":3}}]},"14":{"type":"branch","line":143,"loc":{"start":{"line":143,"column":2},"end":{"line":145,"column":3}},"locations":[{"start":{"line":143,"column":2},"end":{"line":145,"column":3}}]},"15":{"type":"branch","line":150,"loc":{"start":{"line":150,"column":2},"end":{"line":152,"column":3}},"locations":[{"start":{"line":150,"column":2},"end":{"line":152,"column":3}}]},"16":{"type":"branch","line":157,"loc":{"start":{"line":157,"column":2},"end":{"line":159,"column":3}},"locations":[{"start":{"line":157,"column":2},"end":{"line":159,"column":3}}]},"17":{"type":"branch","line":164,"loc":{"start":{"line":164,"column":2},"end":{"line":166,"column":3}},"locations":[{"start":{"line":164,"column":2},"end":{"line":166,"column":3}}]},"18":{"type":"branch","line":171,"loc":{"start":{"line":171,"column":2},"end":{"line":173,"column":3}},"locations":[{"start":{"line":171,"column":2},"end":{"line":173,"column":3}}]},"19":{"type":"branch","line":178,"loc":{"start":{"line":178,"column":2},"end":{"line":180,"column":3}},"locations":[{"start":{"line":178,"column":2},"end":{"line":180,"column":3}}]},"20":{"type":"branch","line":185,"loc":{"start":{"line":185,"column":2},"end":{"line":187,"column":3}},"locations":[{"start":{"line":185,"column":2},"end":{"line":187,"column":3}}]},"21":{"type":"branch","line":192,"loc":{"start":{"line":192,"column":2},"end":{"line":194,"column":3}},"locations":[{"start":{"line":192,"column":2},"end":{"line":194,"column":3}}]}},"b":{"0":[18],"1":[18],"2":[12],"3":[1],"4":[12],"5":[1],"6":[12],"7":[1],"8":[12],"9":[1],"10":[12],"11":[1],"12":[12],"13":[1],"14":[12],"15":[1],"16":[12],"17":[1],"18":[12],"19":[1],"20":[50],"21":[1]},"fnMap":{"0":{"name":"<instance_members_initializer>","decl":{"start":{"line":19,"column":10},"end":{"line":28,"column":31}},"loc":{"start":{"line":19,"column":10},"end":{"line":28,"column":31}},"line":19},"1":{"name":"Funko","decl":{"start":{"line":43,"column":2},"end":{"line":54,"column":3}},"loc":{"start":{"line":43,"column":2},"end":{"line":54,"column":3}},"line":43},"2":{"name":"get getID","decl":{"start":{"line":59,"column":2},"end":{"line":61,"column":3}},"loc":{"start":{"line":59,"column":2},"end":{"line":61,"column":3}},"line":59},"3":{"name":"set setID","decl":{"start":{"line":66,"column":2},"end":{"line":68,"column":3}},"loc":{"start":{"line":66,"column":2},"end":{"line":68,"column":3}},"line":66},"4":{"name":"get getNombre","decl":{"start":{"line":73,"column":2},"end":{"line":75,"column":3}},"loc":{"start":{"line":73,"column":2},"end":{"line":75,"column":3}},"line":73},"5":{"name":"set setNombre","decl":{"start":{"line":80,"column":2},"end":{"line":82,"column":3}},"loc":{"start":{"line":80,"column":2},"end":{"line":82,"column":3}},"line":80},"6":{"name":"get getDescripcion","decl":{"start":{"line":87,"column":2},"end":{"line":89,"column":3}},"loc":{"start":{"line":87,"column":2},"end":{"line":89,"column":3}},"line":87},"7":{"name":"set setDescripcion","decl":{"start":{"line":94,"column":2},"end":{"line":96,"column":3}},"loc":{"start":{"line":94,"column":2},"end":{"line":96,"column":3}},"line":94},"8":{"name":"get getTipo","decl":{"start":{"line":101,"column":2},"end":{"line":103,"column":3}},"loc":{"start":{"line":101,"column":2},"end":{"line":103,"column":3}},"line":101},"9":{"name":"set setTipo","decl":{"start":{"line":108,"column":2},"end":{"line":110,"column":3}},"loc":{"start":{"line":108,"column":2},"end":{"line":110,"column":3}},"line":108},"10":{"name":"get getGenero","decl":{"start":{"line":115,"column":2},"end":{"line":117,"column":3}},"loc":{"start":{"line":115,"column":2},"end":{"line":117,"column":3}},"line":115},"11":{"name":"set setGenero","decl":{"start":{"line":122,"column":2},"end":{"line":124,"column":3}},"loc":{"start":{"line":122,"column":2},"end":{"line":124,"column":3}},"line":122},"12":{"name":"get getFranquicia","decl":{"start":{"line":129,"column":2},"end":{"line":131,"column":3}},"loc":{"start":{"line":129,"column":2},"end":{"line":131,"column":3}},"line":129},"13":{"name":"set setFranquicia","decl":{"start":{"line":136,"column":2},"end":{"line":138,"column":3}},"loc":{"start":{"line":136,"column":2},"end":{"line":138,"column":3}},"line":136},"14":{"name":"get getNumero","decl":{"start":{"line":143,"column":2},"end":{"line":145,"column":3}},"loc":{"start":{"line":143,"column":2},"end":{"line":145,"column":3}},"line":143},"15":{"name":"set setNumero","decl":{"start":{"line":150,"column":2},"end":{"line":152,"column":3}},"loc":{"start":{"line":150,"column":2},"end":{"line":152,"column":3}},"line":150},"16":{"name":"get getExclusivo","decl":{"start":{"line":157,"column":2},"end":{"line":159,"column":3}},"loc":{"start":{"line":157,"column":2},"end":{"line":159,"column":3}},"line":157},"17":{"name":"set setExclusivo","decl":{"start":{"line":164,"column":2},"end":{"line":166,"column":3}},"loc":{"start":{"line":164,"column":2},"end":{"line":166,"column":3}},"line":164},"18":{"name":"get getCaracteristicasEspeciales","decl":{"start":{"line":171,"column":2},"end":{"line":173,"column":3}},"loc":{"start":{"line":171,"column":2},"end":{"line":173,"column":3}},"line":171},"19":{"name":"set setCaracteristicasEspeciales","decl":{"start":{"line":178,"column":2},"end":{"line":180,"column":3}},"loc":{"start":{"line":178,"column":2},"end":{"line":180,"column":3}},"line":178},"20":{"name":"get getValorMercado","decl":{"start":{"line":185,"column":2},"end":{"line":187,"column":3}},"loc":{"start":{"line":185,"column":2},"end":{"line":187,"column":3}},"line":185},"21":{"name":"set setValorMercado","decl":{"start":{"line":192,"column":2},"end":{"line":194,"column":3}},"loc":{"start":{"line":192,"column":2},"end":{"line":194,"column":3}},"line":192}},"f":{"0":18,"1":18,"2":12,"3":1,"4":12,"5":1,"6":12,"7":1,"8":12,"9":1,"10":12,"11":1,"12":12,"13":1,"14":12,"15":1,"16":12,"17":1,"18":12,"19":1,"20":50,"21":1}}
,"/home/usuario/prct09-sockets-funko-app-alu0101539669/src/type.ts": {"path":"/home/usuario/prct09-sockets-funko-app-alu0101539669/src/type.ts","all":false,"statementMap":{"3":{"start":{"line":4,"column":0},"end":{"line":4,"column":18}},"4":{"start":{"line":5,"column":0},"end":{"line":5,"column":17}},"5":{"start":{"line":6,"column":0},"end":{"line":6,"column":28}},"6":{"start":{"line":7,"column":0},"end":{"line":7,"column":29}},"7":{"start":{"line":8,"column":0},"end":{"line":8,"column":29}},"8":{"start":{"line":9,"column":0},"end":{"line":9,"column":37}},"14":{"start":{"line":15,"column":0},"end":{"line":15,"column":22}},"15":{"start":{"line":16,"column":0},"end":{"line":16,"column":28}},"16":{"start":{"line":17,"column":0},"end":{"line":17,"column":36}},"17":{"start":{"line":18,"column":0},"end":{"line":18,"column":32}},"18":{"start":{"line":19,"column":0},"end":{"line":19,"column":26}},"19":{"start":{"line":20,"column":0},"end":{"line":20,"column":22}},"20":{"start":{"line":21,"column":0},"end":{"line":21,"column":20}}},"s":{"3":1,"4":1,"5":1,"6":1,"7":1,"8":1,"14":1,"15":1,"16":1,"17":1,"18":1,"19":1,"20":1},"branchMap":{"0":{"type":"branch","line":4,"loc":{"start":{"line":4,"column":7},"end":{"line":4,"column":18}},"locations":[{"start":{"line":4,"column":7},"end":{"line":4,"column":18}}]},"1":{"type":"branch","line":15,"loc":{"start":{"line":15,"column":9},"end":{"line":15,"column":22}},"locations":[{"start":{"line":15,"column":9},"end":{"line":15,"column":22}}]}},"b":{"0":[2],"1":[2]},"fnMap":{},"f":{}}
,"/home/usuario/prct09-sockets-funko-app-alu0101539669/src/type1.ts": {"path":"/home/usuario/prct09-sockets-funko-app-alu0101539669/src/type1.ts","all":true,"statementMap":{"3":{"start":{"line":4,"column":0},"end":{"line":4,"column":18}},"4":{"start":{"line":5,"column":0},"end":{"line":5,"column":17}},"5":{"start":{"line":6,"column":0},"end":{"line":6,"column":28}},"6":{"start":{"line":7,"column":0},"end":{"line":7,"column":29}},"7":{"start":{"line":8,"column":0},"end":{"line":8,"column":29}},"8":{"start":{"line":9,"column":0},"end":{"line":9,"column":37}},"14":{"start":{"line":15,"column":0},"end":{"line":15,"column":22}},"15":{"start":{"line":16,"column":0},"end":{"line":16,"column":28}},"16":{"start":{"line":17,"column":0},"end":{"line":17,"column":36}},"17":{"start":{"line":18,"column":0},"end":{"line":18,"column":32}},"18":{"start":{"line":19,"column":0},"end":{"line":19,"column":26}},"19":{"start":{"line":20,"column":0},"end":{"line":20,"column":22}},"20":{"start":{"line":21,"column":0},"end":{"line":21,"column":20}}},"s":{"3":0,"4":0,"5":0,"6":0,"7":0,"8":0,"14":0,"15":0,"16":0,"17":0,"18":0,"19":0,"20":0},"branchMap":{"0":{"type":"branch","line":1,"loc":{"start":{"line":1,"column":49},"end":{"line":22,"column":-122}},"locations":[{"start":{"line":1,"column":49},"end":{"line":22,"column":-122}}]}},"b":{"0":[1]},"fnMap":{"0":{"name":"(empty-report)","decl":{"start":{"line":1,"column":49},"end":{"line":22,"column":-122}},"loc":{"start":{"line":1,"column":49},"end":{"line":22,"column":-122}},"line":1}},"f":{"0":1}}
}
